Using pre-set license
Built from '2020.3/staging' branch; Version is '2020.3.9f1 (108be757e447) revision 1084391'; Using compiler version '192528614'; Build Type 'Release'
OS: 'Windows 10 Education; OS build 19042.1052; Version 2009; 64bit' Language: 'ko' Physical Memory: 12205 MB
BatchMode: 1, IsHumanControllingUs: 0, StartBugReporterOnCrash: 0, Is64bit: 1, IsPro: 0

 COMMAND LINE ARGUMENTS:
C:\UnityEditor\2020.3.9f1\Editor\Unity.exe
-adb2
-batchMode
-noUpm
-name
AssetImportWorker0
-projectPath
D:/UnityProject/BR/BR_Project
-logFile
Logs/AssetImportWorker0.log
-srvPort
55222
Successfully changed project path to: D:/UnityProject/BR/BR_Project
D:/UnityProject/BR/BR_Project
Using Asset Import Pipeline V2.
Refreshing native plugins compatible for Editor in 47.19 ms, found 1 plugins.
Preloading 0 native plugins for Editor in 0.00 ms.
Initialize engine version: 2020.3.9f1 (108be757e447)
[Subsystems] Discovering subsystems at path C:/UnityEditor/2020.3.9f1/Editor/Data/Resources/UnitySubsystems
[Subsystems] Discovering subsystems at path D:/UnityProject/BR/BR_Project/Assets
GfxDevice: creating device client; threaded=0
Direct3D:
    Version:  Direct3D 11.0 [level 11.1]
    Renderer: NVIDIA GeForce GTX 1050 (ID=0x1c8d)
    Vendor:   
    VRAM:     4021 MB
    Driver:   27.21.14.6677
Initialize mono
Mono path[0] = 'C:/UnityEditor/2020.3.9f1/Editor/Data/Managed'
Mono path[1] = 'C:/UnityEditor/2020.3.9f1/Editor/Data/MonoBleedingEdge/lib/mono/unityjit'
Mono config path = 'C:/UnityEditor/2020.3.9f1/Editor/Data/MonoBleedingEdge/etc'
Using monoOptions --debugger-agent=transport=dt_socket,embedding=1,server=y,suspend=n,address=127.0.0.1:56712
Begin MonoManager ReloadAssembly
Registering precompiled unity dll's ...
Register platform support module: C:/UnityEditor/2020.3.9f1/Editor/Data/PlaybackEngines/WindowsStandaloneSupport/UnityEditor.WindowsStandalone.Extensions.dll
Registered in 0.002657 seconds.
Native extension for WindowsStandalone target not found
Refreshing native plugins compatible for Editor in 52.88 ms, found 1 plugins.
Preloading 0 native plugins for Editor in 0.00 ms.
Mono: successfully reloaded assembly
- Completed reload, in  2.416 seconds
Platform modules already initialized, skipping
Registering precompiled user dll's ...
Registered in 0.001002 seconds.
Begin MonoManager ReloadAssembly
Native extension for WindowsStandalone target not found
Refreshing native plugins compatible for Editor in 50.99 ms, found 1 plugins.
Preloading 0 native plugins for Editor in 0.00 ms.
Mono: successfully reloaded assembly
- Completed reload, in  1.385 seconds
Platform modules already initialized, skipping
========================================================================
Worker process is ready to serve import requests
Launched and connected shader compiler UnityShaderCompiler.exe after 0.06 seconds
Refreshing native plugins compatible for Editor in 0.35 ms, found 1 plugins.
Preloading 0 native plugins for Editor in 0.00 ms.
Unloading 1813 Unused Serialized files (Serialized files now loaded: 0)
System memory in use before: 85.2 MB.
System memory in use after: 85.1 MB.

Unloading 24 unused Assets to reduce memory usage. Loaded Objects now: 2257.
Total: 2.041900 ms (FindLiveObjects: 0.187800 ms CreateObjectMapping: 0.076200 ms MarkObjects: 1.645600 ms  DeleteObjects: 0.130800 ms)

========================================================================
Received Import Request.
  path: Assets/ScareCrow.controller
  artifactKey: Guid(515936f895b70ff46b1868cd8119cc0c) Importer(815301076,1909f56bfc062723c751e8b465ee728b)
Start importing Assets/ScareCrow.controller using Guid(515936f895b70ff46b1868cd8119cc0c) Importer(815301076,1909f56bfc062723c751e8b465ee728b)  -> (artifact id: '7cdb089d4c7fab04c51092bd9d2a509d') in 0.072647 seconds
  Import took 0.076115 seconds .

